0 info it worked if it ends with ok
1 verbose cli [ '/Users/smurakami/.nodebrew/current/bin/node',
1 verbose cli   '/Users/smurakami/.nodebrew/current/bin/npm',
1 verbose cli   'isntall',
1 verbose cli   'iconv' ]
2 info using npm@2.15.11
3 info using node@v0.12.18
4 verbose node symlink /Users/smurakami/.nodebrew/current/bin/node
5 verbose install initial load of /Users/smurakami/develop/markov-ai/node/package.json
6 warn package.json kuromoji-test@1.0.0 No description
7 warn package.json kuromoji-test@1.0.0 No repository field.
8 warn package.json kuromoji-test@1.0.0 No README data
9 verbose installManyTop reading scoped package data from /Users/smurakami/develop/markov-ai/node/node_modules/jschardet/package.json
10 verbose installManyTop reading scoped package data from /Users/smurakami/develop/markov-ai/node/node_modules/kuromoji/package.json
11 verbose installManyTop reading scoped package data from /Users/smurakami/develop/markov-ai/node/node_modules/markov-chain-kuromoji/package.json
12 verbose readDependencies loading dependencies from /Users/smurakami/develop/markov-ai/node/package.json
13 silly cache add args [ 'iconv', null ]
14 verbose cache add spec iconv
15 silly cache add parsed spec { raw: 'iconv',
15 silly cache add   scope: null,
15 silly cache add   name: 'iconv',
15 silly cache add   rawSpec: '',
15 silly cache add   spec: 'latest',
15 silly cache add   type: 'tag' }
16 silly addNamed iconv@latest
17 verbose addNamed "latest" is being treated as a dist-tag for iconv
18 info addNameTag [ 'iconv', 'latest' ]
19 silly mapToRegistry name iconv
20 silly mapToRegistry using default registry
21 silly mapToRegistry registry https://registry.npmjs.org/
22 silly mapToRegistry data { raw: 'iconv',
22 silly mapToRegistry   scope: null,
22 silly mapToRegistry   name: 'iconv',
22 silly mapToRegistry   rawSpec: '',
22 silly mapToRegistry   spec: 'latest',
22 silly mapToRegistry   type: 'tag' }
23 silly mapToRegistry uri https://registry.npmjs.org/iconv
24 verbose addNameTag registry:https://registry.npmjs.org/iconv not in flight; fetching
25 verbose get https://registry.npmjs.org/iconv not expired, no request
26 silly addNameTag next cb for iconv with tag latest
27 silly addNamed iconv@2.2.3
28 verbose addNamed "2.2.3" is a plain semver version for iconv
29 silly cache afterAdd iconv@2.2.3
30 verbose afterAdd /Users/smurakami/.npm/iconv/2.2.3/package/package.json not in flight; writing
31 verbose correctMkdir /Users/smurakami/.npm correctMkdir not in flight; initializing
32 verbose afterAdd /Users/smurakami/.npm/iconv/2.2.3/package/package.json written
33 silly install resolved [ { name: 'iconv',
33 silly install resolved     main: './lib/iconv',
33 silly install resolved     version: '2.2.3',
33 silly install resolved     description: 'Text recoding in JavaScript for fun and profit!',
33 silly install resolved     homepage: 'https://github.com/bnoordhuis/node-iconv',
33 silly install resolved     repository:
33 silly install resolved      { type: 'git',
33 silly install resolved        url: 'git://github.com/bnoordhuis/node-iconv.git' },
33 silly install resolved     author: { name: 'Ben Noordhuis', email: 'info@bnoordhuis.nl' },
33 silly install resolved     engines: { node: '>=0.8.0' },
33 silly install resolved     license: 'ISC',
33 silly install resolved     dependencies: { nan: '^2.3.5' },
33 silly install resolved     devDependencies: { tap: '~0.4.8' },
33 silly install resolved     scripts: { test: 'tap test/test-*.js', install: 'node-gyp rebuild' },
33 silly install resolved     gypfile: true,
33 silly install resolved     gitHead: '6b78584f519b5b604908692017228bef8bc15545',
33 silly install resolved     bugs: { url: 'https://github.com/bnoordhuis/node-iconv/issues' },
33 silly install resolved     _id: 'iconv@2.2.3',
33 silly install resolved     _shasum: 'e084d60eeb7d73da7f0a9c096e4c8abe090bfaed',
33 silly install resolved     _from: 'iconv@latest',
33 silly install resolved     _npmVersion: '4.2.0',
33 silly install resolved     _nodeVersion: '8.0.0-pre',
33 silly install resolved     _npmUser: { name: 'bnoordhuis', email: 'info@bnoordhuis.nl' },
33 silly install resolved     maintainers: [ [Object] ],
33 silly install resolved     dist:
33 silly install resolved      { shasum: 'e084d60eeb7d73da7f0a9c096e4c8abe090bfaed',
33 silly install resolved        tarball: 'https://registry.npmjs.org/iconv/-/iconv-2.2.3.tgz' },
33 silly install resolved     _npmOperationalInternal:
33 silly install resolved      { host: 'packages-12-west.internal.npmjs.com',
33 silly install resolved        tmp: 'tmp/iconv-2.2.3.tgz_1491337236223_0.019056903198361397' },
33 silly install resolved     directories: {},
33 silly install resolved     _resolved: 'https://registry.npmjs.org/iconv/-/iconv-2.2.3.tgz',
33 silly install resolved     readme: 'ERROR: No README data found!' } ]
34 info install iconv@2.2.3 into /Users/smurakami/develop/markov-ai/node
35 info installOne iconv@2.2.3
36 verbose installOne of iconv to /Users/smurakami/develop/markov-ai/node not in flight; installing
37 verbose correctMkdir /Users/smurakami/.npm/_locks correctMkdir not in flight; initializing
38 verbose lock using /Users/smurakami/.npm/_locks/iconv-c013276799539baf.lock for /Users/smurakami/develop/markov-ai/node/node_modules/iconv
39 silly install write writing iconv 2.2.3 to /Users/smurakami/develop/markov-ai/node/node_modules/iconv
40 verbose unbuild node_modules/iconv
41 silly gentlyRm /Users/smurakami/develop/markov-ai/node/node_modules/iconv is being purged from base /Users/smurakami/develop/markov-ai/node
42 verbose gentlyRm don't care about contents; nuking /Users/smurakami/develop/markov-ai/node/node_modules/iconv
43 verbose tar unpack /Users/smurakami/.npm/iconv/2.2.3/package.tgz
44 verbose tar unpacking to /Users/smurakami/develop/markov-ai/node/node_modules/iconv
45 silly gentlyRm /Users/smurakami/develop/markov-ai/node/node_modules/iconv is being purged
46 verbose gentlyRm don't care about contents; nuking /Users/smurakami/develop/markov-ai/node/node_modules/iconv
47 silly gunzTarPerm modes [ '755', '644' ]
48 silly gunzTarPerm extractEntry package.json
49 silly gunzTarPerm extractEntry .npmignore
50 silly gunzTarPerm extractEntry README.md
51 silly gunzTarPerm extractEntry LICENSE
52 silly gunzTarPerm extractEntry binding.gyp
53 silly gunzTarPerm extractEntry deps/libiconv/README
54 silly gunzTarPerm extractEntry deps/libiconv/INSTALL.generic
55 silly gunzTarPerm extractEntry deps/libiconv/COPYING
56 silly gunzTarPerm extractEntry deps/libiconv/COPYING.LIB
57 silly gunzTarPerm extractEntry deps/libiconv/ChangeLog
58 silly gunzTarPerm extractEntry deps/libiconv/DEPENDENCIES
59 silly gunzTarPerm extractEntry deps/libiconv/DESIGN
60 silly gunzTarPerm extractEntry deps/libiconv/HACKING
61 silly gunzTarPerm extractEntry deps/libiconv/AUTHORS
62 silly gunzTarPerm extractEntry deps/libiconv/NEWS
63 silly gunzTarPerm extractEntry deps/libiconv/NOTES
64 silly gunzTarPerm extractEntry deps/libiconv/PORTS
65 silly gunzTarPerm extractEntry deps/libiconv/ABOUT-NLS
66 silly gunzTarPerm extractEntry deps/libiconv/README.woe32
67 silly gunzTarPerm extractEntry deps/libiconv/THANKS
68 silly gunzTarPerm extractEntry deps/libiconv/lib/euc_tw.h
69 silly gunzTarPerm extractEntry deps/libiconv/lib/aliases.gperf
70 silly gunzTarPerm extractEntry deps/libiconv/lib/aliases2.h
71 silly gunzTarPerm extractEntry deps/libiconv/lib/aliases_aix.h
72 silly gunzTarPerm extractEntry deps/libiconv/lib/aliases_aix_sysaix.h
73 silly gunzTarPerm extractEntry deps/libiconv/lib/aliases_dos.h
74 silly gunzTarPerm extractEntry deps/libiconv/lib/aliases_extra.h
75 silly gunzTarPerm extractEntry deps/libiconv/lib/aliases_osf1.h
76 silly gunzTarPerm extractEntry deps/libiconv/lib/aliases_osf1_sysosf1.h
77 silly gunzTarPerm extractEntry deps/libiconv/lib/aliases_sysaix.gperf
78 silly gunzTarPerm extractEntry deps/libiconv/lib/aliases_sysaix.h
79 silly gunzTarPerm extractEntry deps/libiconv/lib/aliases_syshpux.gperf
80 silly gunzTarPerm extractEntry deps/libiconv/lib/aliases_syshpux.h
81 silly gunzTarPerm extractEntry deps/libiconv/lib/aliases_sysosf1.gperf
82 silly gunzTarPerm extractEntry deps/libiconv/lib/aliases_sysosf1.h
83 silly gunzTarPerm extractEntry deps/libiconv/lib/aliases_syssolaris.gperf
84 silly gunzTarPerm extractEntry deps/libiconv/lib/aliases_syssolaris.h
85 silly gunzTarPerm extractEntry deps/libiconv/lib/armscii_8.h
86 silly gunzTarPerm extractEntry deps/libiconv/lib/ascii.h
87 silly gunzTarPerm extractEntry deps/libiconv/lib/atarist.h
88 silly gunzTarPerm extractEntry deps/libiconv/lib/big5.h
89 silly gunzTarPerm extractEntry deps/libiconv/lib/big5_2003.h
90 silly gunzTarPerm extractEntry deps/libiconv/lib/big5hkscs1999.h
91 silly gunzTarPerm extractEntry deps/libiconv/lib/big5hkscs2001.h
92 silly gunzTarPerm extractEntry deps/libiconv/lib/big5hkscs2004.h
93 silly gunzTarPerm extractEntry deps/libiconv/lib/big5hkscs2008.h
94 silly gunzTarPerm extractEntry deps/libiconv/lib/c99.h
95 silly gunzTarPerm extractEntry deps/libiconv/lib/canonical.h
96 silly gunzTarPerm extractEntry deps/libiconv/lib/canonical_aix.h
97 silly gunzTarPerm extractEntry deps/libiconv/lib/canonical_aix_sysaix.h
98 silly gunzTarPerm extractEntry deps/libiconv/lib/canonical_dos.h
99 silly gunzTarPerm extractEntry deps/libiconv/lib/canonical_extra.h
100 silly gunzTarPerm extractEntry deps/libiconv/lib/canonical_local.h
101 silly gunzTarPerm extractEntry deps/libiconv/lib/canonical_local_sysaix.h
102 silly gunzTarPerm extractEntry deps/libiconv/lib/canonical_local_syshpux.h
103 silly gunzTarPerm extractEntry deps/libiconv/lib/canonical_local_sysosf1.h
104 silly gunzTarPerm extractEntry deps/libiconv/lib/canonical_local_syssolaris.h
105 silly gunzTarPerm extractEntry deps/libiconv/lib/canonical_osf1.h
106 silly gunzTarPerm extractEntry deps/libiconv/lib/canonical_osf1_sysosf1.h
107 silly gunzTarPerm extractEntry deps/libiconv/lib/canonical_sysaix.h
108 silly gunzTarPerm extractEntry deps/libiconv/lib/canonical_syshpux.h
109 silly gunzTarPerm extractEntry deps/libiconv/lib/canonical_sysosf1.h
110 silly gunzTarPerm extractEntry deps/libiconv/lib/canonical_syssolaris.h
111 silly gunzTarPerm extractEntry deps/libiconv/lib/ces_big5.h
112 silly gunzTarPerm extractEntry deps/libiconv/lib/ces_gbk.h
113 silly gunzTarPerm extractEntry deps/libiconv/lib/cjk_variants.h
114 silly gunzTarPerm extractEntry deps/libiconv/lib/cns11643.h
115 silly gunzTarPerm extractEntry deps/libiconv/lib/cns11643_1.h
116 silly gunzTarPerm extractEntry deps/libiconv/lib/cns11643_15.h
117 silly gunzTarPerm extractEntry deps/libiconv/lib/cns11643_2.h
118 silly gunzTarPerm extractEntry deps/libiconv/lib/cns11643_3.h
119 silly gunzTarPerm extractEntry deps/libiconv/lib/cns11643_4.h
120 silly gunzTarPerm extractEntry deps/libiconv/lib/cns11643_4a.h
121 silly gunzTarPerm extractEntry deps/libiconv/lib/cns11643_4b.h
122 silly gunzTarPerm extractEntry deps/libiconv/lib/cns11643_5.h
123 silly gunzTarPerm extractEntry deps/libiconv/lib/cns11643_6.h
124 silly gunzTarPerm extractEntry deps/libiconv/lib/cns11643_7.h
125 silly gunzTarPerm extractEntry deps/libiconv/lib/cns11643_inv.h
126 silly gunzTarPerm extractEntry deps/libiconv/lib/converters.h
127 silly gunzTarPerm extractEntry deps/libiconv/lib/cp1046.h
128 silly gunzTarPerm extractEntry deps/libiconv/lib/cp1124.h
129 silly gunzTarPerm extractEntry deps/libiconv/lib/cp1125.h
130 silly gunzTarPerm extractEntry deps/libiconv/lib/cp1129.h
131 silly gunzTarPerm extractEntry deps/libiconv/lib/cp1131.h
132 silly gunzTarPerm extractEntry deps/libiconv/lib/cp1133.h
133 silly gunzTarPerm extractEntry deps/libiconv/lib/cp1161.h
134 silly gunzTarPerm extractEntry deps/libiconv/lib/cp1162.h
135 silly gunzTarPerm extractEntry deps/libiconv/lib/cp1163.h
136 silly gunzTarPerm extractEntry deps/libiconv/lib/cp1250.h
137 silly gunzTarPerm extractEntry deps/libiconv/lib/cp1251.h
138 silly gunzTarPerm extractEntry deps/libiconv/lib/cp1252.h
139 silly gunzTarPerm extractEntry deps/libiconv/lib/cp1253.h
140 silly gunzTarPerm extractEntry deps/libiconv/lib/cp1254.h
141 silly gunzTarPerm extractEntry deps/libiconv/lib/cp1255.h
142 silly gunzTarPerm extractEntry deps/libiconv/lib/cp1256.h
143 silly gunzTarPerm extractEntry deps/libiconv/lib/cp1257.h
144 silly gunzTarPerm extractEntry deps/libiconv/lib/cp1258.h
145 silly gunzTarPerm extractEntry deps/libiconv/lib/cp437.h
146 silly gunzTarPerm extractEntry deps/libiconv/lib/cp737.h
147 silly gunzTarPerm extractEntry deps/libiconv/lib/cp775.h
148 silly gunzTarPerm extractEntry deps/libiconv/lib/cp850.h
149 silly gunzTarPerm extractEntry deps/libiconv/lib/cp852.h
150 silly gunzTarPerm extractEntry deps/libiconv/lib/cp853.h
151 silly gunzTarPerm extractEntry deps/libiconv/lib/cp855.h
152 silly gunzTarPerm extractEntry deps/libiconv/lib/cp856.h
153 silly gunzTarPerm extractEntry deps/libiconv/lib/cp857.h
154 silly gunzTarPerm extractEntry deps/libiconv/lib/cp858.h
155 silly gunzTarPerm extractEntry deps/libiconv/lib/cp860.h
156 silly gunzTarPerm extractEntry deps/libiconv/lib/cp861.h
157 silly gunzTarPerm extractEntry deps/libiconv/lib/cp862.h
158 silly gunzTarPerm extractEntry deps/libiconv/lib/cp863.h
159 silly gunzTarPerm extractEntry deps/libiconv/lib/cp864.h
160 silly gunzTarPerm extractEntry deps/libiconv/lib/cp865.h
161 silly gunzTarPerm extractEntry deps/libiconv/lib/cp866.h
162 silly gunzTarPerm extractEntry deps/libiconv/lib/cp869.h
163 silly gunzTarPerm extractEntry deps/libiconv/lib/cp874.h
164 silly gunzTarPerm extractEntry deps/libiconv/lib/cp922.h
165 silly gunzTarPerm extractEntry deps/libiconv/lib/cp932.h
166 silly gunzTarPerm extractEntry deps/libiconv/lib/cp932ext.h
167 silly gunzTarPerm extractEntry deps/libiconv/lib/cp936.h
168 silly gunzTarPerm extractEntry deps/libiconv/lib/cp936ext.h
169 silly gunzTarPerm extractEntry deps/libiconv/lib/cp943.h
170 silly gunzTarPerm extractEntry deps/libiconv/lib/cp949.h
171 silly gunzTarPerm extractEntry deps/libiconv/lib/cp950.h
172 silly gunzTarPerm extractEntry deps/libiconv/lib/cp950ext.h
173 silly gunzTarPerm extractEntry deps/libiconv/lib/dec_hanyu.h
174 silly gunzTarPerm extractEntry deps/libiconv/lib/dec_kanji.h
175 silly gunzTarPerm extractEntry deps/libiconv/lib/encodings.def
176 silly gunzTarPerm extractEntry deps/libiconv/lib/encodings_aix.def
177 silly gunzTarPerm extractEntry deps/libiconv/lib/encodings_dos.def
178 silly gunzTarPerm extractEntry deps/libiconv/lib/encodings_extra.def
179 silly gunzTarPerm extractEntry deps/libiconv/lib/encodings_local.def
180 silly gunzTarPerm extractEntry deps/libiconv/lib/encodings_osf1.def
181 silly gunzTarPerm extractEntry deps/libiconv/lib/euc_cn.h
182 silly gunzTarPerm extractEntry deps/libiconv/lib/euc_jisx0213.h
183 silly gunzTarPerm extractEntry deps/libiconv/lib/euc_jp.h
184 silly gunzTarPerm extractEntry deps/libiconv/lib/euc_kr.h
185 silly gunzTarPerm extractEntry deps/libiconv/lib/aliases.h
186 silly gunzTarPerm extractEntry deps/libiconv/lib/flags.h
187 silly gunzTarPerm extractEntry deps/libiconv/lib/flushwc.h
188 silly gunzTarPerm extractEntry deps/libiconv/lib/gb12345.h
189 silly gunzTarPerm extractEntry deps/libiconv/lib/gb12345ext.h
190 silly gunzTarPerm extractEntry deps/libiconv/lib/gb18030.h
191 silly gunzTarPerm extractEntry deps/libiconv/lib/gb18030ext.h
192 silly gunzTarPerm extractEntry deps/libiconv/lib/gb18030uni.h
193 silly gunzTarPerm extractEntry deps/libiconv/lib/gb2312.h
194 silly gunzTarPerm extractEntry deps/libiconv/lib/gbk.h
195 silly gunzTarPerm extractEntry deps/libiconv/lib/gbkext1.h
196 silly gunzTarPerm extractEntry deps/libiconv/lib/gbkext2.h
197 silly gunzTarPerm extractEntry deps/libiconv/lib/gbkext_inv.h
198 silly gunzTarPerm extractEntry deps/libiconv/lib/genaliases.c
199 silly gunzTarPerm extractEntry deps/libiconv/lib/genaliases2.c
200 silly gunzTarPerm extractEntry deps/libiconv/lib/genflags.c
201 silly gunzTarPerm extractEntry deps/libiconv/lib/gentranslit.c
202 silly gunzTarPerm extractEntry deps/libiconv/lib/georgian_academy.h
203 silly gunzTarPerm extractEntry deps/libiconv/lib/georgian_ps.h
204 silly gunzTarPerm extractEntry deps/libiconv/lib/hkscs1999.h
205 silly gunzTarPerm extractEntry deps/libiconv/lib/hkscs2001.h
206 silly gunzTarPerm extractEntry deps/libiconv/lib/hkscs2004.h
207 silly gunzTarPerm extractEntry deps/libiconv/lib/hkscs2008.h
208 silly gunzTarPerm extractEntry deps/libiconv/lib/hp_roman8.h
209 silly gunzTarPerm extractEntry deps/libiconv/lib/hz.h
210 silly gunzTarPerm extractEntry deps/libiconv/lib/iconv.c
211 silly gunzTarPerm extractEntry deps/libiconv/lib/iconv_open1.h
212 silly gunzTarPerm extractEntry deps/libiconv/lib/iconv_open2.h
213 silly gunzTarPerm extractEntry deps/libiconv/lib/iso2022_cn.h
214 silly gunzTarPerm extractEntry deps/libiconv/lib/iso2022_cnext.h
215 silly gunzTarPerm extractEntry deps/libiconv/lib/iso2022_jp.h
216 silly gunzTarPerm extractEntry deps/libiconv/lib/iso2022_jp1.h
217 silly gunzTarPerm extractEntry deps/libiconv/lib/iso2022_jp2.h
218 silly gunzTarPerm extractEntry deps/libiconv/lib/iso2022_jp3.h
219 silly gunzTarPerm extractEntry deps/libiconv/lib/iso2022_kr.h
220 silly gunzTarPerm extractEntry deps/libiconv/lib/iso646_cn.h
221 silly gunzTarPerm extractEntry deps/libiconv/lib/iso646_jp.h
222 silly gunzTarPerm extractEntry deps/libiconv/lib/iso8859_1.h
223 silly gunzTarPerm extractEntry deps/libiconv/lib/iso8859_10.h
224 silly gunzTarPerm extractEntry deps/libiconv/lib/iso8859_11.h
225 silly gunzTarPerm extractEntry deps/libiconv/lib/iso8859_13.h
226 silly gunzTarPerm extractEntry deps/libiconv/lib/iso8859_14.h
227 silly gunzTarPerm extractEntry deps/libiconv/lib/iso8859_15.h
228 silly gunzTarPerm extractEntry deps/libiconv/lib/iso8859_16.h
229 silly gunzTarPerm extractEntry deps/libiconv/lib/iso8859_2.h
230 silly gunzTarPerm extractEntry deps/libiconv/lib/iso8859_3.h
231 silly gunzTarPerm extractEntry deps/libiconv/lib/iso8859_4.h
232 silly gunzTarPerm extractEntry deps/libiconv/lib/iso8859_5.h
233 silly gunzTarPerm extractEntry deps/libiconv/lib/iso8859_6.h
234 silly gunzTarPerm extractEntry deps/libiconv/lib/iso8859_7.h
235 silly gunzTarPerm extractEntry deps/libiconv/lib/iso8859_8.h
236 silly gunzTarPerm extractEntry deps/libiconv/lib/iso8859_9.h
237 silly gunzTarPerm extractEntry deps/libiconv/lib/isoir165.h
238 silly gunzTarPerm extractEntry deps/libiconv/lib/isoir165ext.h
239 silly gunzTarPerm extractEntry deps/libiconv/lib/java.h
240 silly gunzTarPerm extractEntry deps/libiconv/lib/jisx0201.h
241 silly gunzTarPerm extractEntry deps/libiconv/lib/jisx0208.h
242 silly gunzTarPerm extractEntry deps/libiconv/lib/jisx0212.h
243 silly gunzTarPerm extractEntry deps/libiconv/lib/jisx0213.h
244 silly gunzTarPerm extractEntry deps/libiconv/lib/johab.h
245 silly gunzTarPerm extractEntry deps/libiconv/lib/johab_hangul.h
246 silly gunzTarPerm extractEntry deps/libiconv/lib/koi8_r.h
247 silly gunzTarPerm extractEntry deps/libiconv/lib/koi8_ru.h
248 silly gunzTarPerm extractEntry deps/libiconv/lib/koi8_t.h
249 silly gunzTarPerm extractEntry deps/libiconv/lib/koi8_u.h
250 silly gunzTarPerm extractEntry deps/libiconv/lib/ksc5601.h
251 silly gunzTarPerm extractEntry deps/libiconv/lib/loop_unicode.h
252 silly gunzTarPerm extractEntry deps/libiconv/lib/loop_wchar.h
253 silly gunzTarPerm extractEntry deps/libiconv/lib/loops.h
254 silly gunzTarPerm extractEntry deps/libiconv/lib/mac_arabic.h
255 silly gunzTarPerm extractEntry deps/libiconv/lib/mac_centraleurope.h
256 silly gunzTarPerm extractEntry deps/libiconv/lib/mac_croatian.h
257 silly gunzTarPerm extractEntry deps/libiconv/lib/mac_cyrillic.h
258 silly gunzTarPerm extractEntry deps/libiconv/lib/mac_greek.h
259 silly gunzTarPerm extractEntry deps/libiconv/lib/mac_hebrew.h
260 silly gunzTarPerm extractEntry deps/libiconv/lib/mac_iceland.h
261 silly gunzTarPerm extractEntry deps/libiconv/lib/mac_roman.h
262 silly gunzTarPerm extractEntry deps/libiconv/lib/mac_romania.h
263 silly gunzTarPerm extractEntry deps/libiconv/lib/mac_thai.h
264 silly gunzTarPerm extractEntry deps/libiconv/lib/mac_turkish.h
265 silly gunzTarPerm extractEntry deps/libiconv/lib/mac_ukraine.h
266 silly gunzTarPerm extractEntry deps/libiconv/lib/mulelao.h
267 silly gunzTarPerm extractEntry deps/libiconv/lib/nextstep.h
268 silly gunzTarPerm extractEntry deps/libiconv/lib/pt154.h
269 silly gunzTarPerm extractEntry deps/libiconv/lib/relocatable.c
270 silly gunzTarPerm extractEntry deps/libiconv/lib/relocatable.h
271 silly gunzTarPerm extractEntry deps/libiconv/lib/riscos1.h
272 silly gunzTarPerm extractEntry deps/libiconv/lib/rk1048.h
273 silly gunzTarPerm extractEntry deps/libiconv/lib/shift_jisx0213.h
274 silly gunzTarPerm extractEntry deps/libiconv/lib/sjis.h
275 silly gunzTarPerm extractEntry deps/libiconv/lib/tcvn.h
276 silly gunzTarPerm extractEntry deps/libiconv/lib/tds565.h
277 silly gunzTarPerm extractEntry deps/libiconv/lib/tis620.h
278 silly gunzTarPerm extractEntry deps/libiconv/lib/translit.def
279 silly gunzTarPerm extractEntry deps/libiconv/lib/translit.h
280 silly gunzTarPerm extractEntry deps/libiconv/lib/ucs2.h
281 silly gunzTarPerm extractEntry deps/libiconv/lib/ucs2be.h
282 silly gunzTarPerm extractEntry deps/libiconv/lib/ucs2internal.h
283 silly gunzTarPerm extractEntry deps/libiconv/lib/ucs2le.h
284 silly gunzTarPerm extractEntry deps/libiconv/lib/ucs2swapped.h
285 silly gunzTarPerm extractEntry deps/libiconv/lib/ucs4.h
286 silly gunzTarPerm extractEntry deps/libiconv/lib/ucs4be.h
287 silly gunzTarPerm extractEntry deps/libiconv/lib/ucs4internal.h
288 silly gunzTarPerm extractEntry deps/libiconv/lib/ucs4le.h
289 silly gunzTarPerm extractEntry deps/libiconv/lib/ucs4swapped.h
290 silly gunzTarPerm extractEntry deps/libiconv/lib/uhc_1.h
291 silly gunzTarPerm extractEntry deps/libiconv/lib/uhc_2.h
292 silly gunzTarPerm extractEntry deps/libiconv/lib/utf16.h
293 silly gunzTarPerm extractEntry deps/libiconv/lib/utf16be.h
294 silly gunzTarPerm extractEntry deps/libiconv/lib/utf16le.h
295 silly gunzTarPerm extractEntry deps/libiconv/lib/utf32.h
296 silly gunzTarPerm extractEntry deps/libiconv/lib/utf32be.h
297 silly gunzTarPerm extractEntry deps/libiconv/lib/utf32le.h
298 silly gunzTarPerm extractEntry deps/libiconv/lib/utf7.h
299 silly gunzTarPerm extractEntry deps/libiconv/lib/utf8.h
300 silly gunzTarPerm extractEntry deps/libiconv/lib/vietcomb.h
301 silly gunzTarPerm extractEntry deps/libiconv/lib/viscii.h
302 silly gunzTarPerm extractEntry lib/iconv.js
303 silly gunzTarPerm extractEntry src/binding.cc
304 silly gunzTarPerm extractEntry support/config.h
305 silly gunzTarPerm extractEntry support/iconv.h
306 silly gunzTarPerm extractEntry test/test-basic.js
307 silly gunzTarPerm extractEntry test/test-big-buffer.js
308 silly gunzTarPerm extractEntry test/test-stream.js
309 silly gunzTarPerm extractEntry test/fixtures/lorem-ipsum.txt
310 verbose write writing to /Users/smurakami/develop/markov-ai/node/node_modules/iconv/package.json
311 info preinstall iconv@2.2.3
312 verbose readDependencies loading dependencies from /Users/smurakami/develop/markov-ai/node/node_modules/iconv/package.json
313 silly prepareForInstallMany adding nan@^2.3.5 from iconv dependencies
314 verbose readDependencies loading dependencies from /Users/smurakami/develop/markov-ai/node/node_modules/iconv/package.json
315 silly cache add args [ 'nan@^2.3.5', null ]
316 verbose cache add spec nan@^2.3.5
317 silly cache add parsed spec { raw: 'nan@^2.3.5',
317 silly cache add   scope: null,
317 silly cache add   name: 'nan',
317 silly cache add   rawSpec: '^2.3.5',
317 silly cache add   spec: '>=2.3.5 <3.0.0',
317 silly cache add   type: 'range' }
318 silly addNamed nan@>=2.3.5 <3.0.0
319 verbose addNamed ">=2.3.5 <3.0.0" is a valid semver range for nan
320 silly addNameRange { name: 'nan', range: '>=2.3.5 <3.0.0', hasData: false }
321 silly mapToRegistry name nan
322 silly mapToRegistry using default registry
323 silly mapToRegistry registry https://registry.npmjs.org/
324 silly mapToRegistry data { raw: 'nan',
324 silly mapToRegistry   scope: null,
324 silly mapToRegistry   name: 'nan',
324 silly mapToRegistry   rawSpec: '',
324 silly mapToRegistry   spec: 'latest',
324 silly mapToRegistry   type: 'tag' }
325 silly mapToRegistry uri https://registry.npmjs.org/nan
326 verbose addNameRange registry:https://registry.npmjs.org/nan not in flight; fetching
327 verbose request uri https://registry.npmjs.org/nan
328 verbose request no auth needed
329 info attempt registry request try #1 at 03:11:55
330 verbose request id bb7c0d5f48bc0f41
331 verbose etag W/"58ee904e-1f9bf"
332 verbose lastModified Wed, 12 Apr 2017 20:38:38 GMT
333 http request GET https://registry.npmjs.org/nan
334 http 304 https://registry.npmjs.org/nan
335 verbose headers { date: 'Thu, 13 Apr 2017 18:11:56 GMT',
335 verbose headers   via: '1.1 varnish',
335 verbose headers   'cache-control': 'max-age=300',
335 verbose headers   etag: 'W/"58ee904e-1f9bf"',
335 verbose headers   age: '59',
335 verbose headers   connection: 'keep-alive',
335 verbose headers   'x-served-by': 'cache-nrt6128-NRT',
335 verbose headers   'x-cache': 'HIT',
335 verbose headers   'x-cache-hits': '1',
335 verbose headers   'x-timer': 'S1492107116.322692,VS0,VE0',
335 verbose headers   vary: 'Accept-Encoding' }
336 silly get cb [ 304,
336 silly get   { date: 'Thu, 13 Apr 2017 18:11:56 GMT',
336 silly get     via: '1.1 varnish',
336 silly get     'cache-control': 'max-age=300',
336 silly get     etag: 'W/"58ee904e-1f9bf"',
336 silly get     age: '59',
336 silly get     connection: 'keep-alive',
336 silly get     'x-served-by': 'cache-nrt6128-NRT',
336 silly get     'x-cache': 'HIT',
336 silly get     'x-cache-hits': '1',
336 silly get     'x-timer': 'S1492107116.322692,VS0,VE0',
336 silly get     vary: 'Accept-Encoding' } ]
337 verbose etag https://registry.npmjs.org/nan from cache
338 verbose get saving nan to /Users/smurakami/.npm/registry.npmjs.org/nan/.cache.json
339 verbose correctMkdir /Users/smurakami/.npm correctMkdir not in flight; initializing
340 silly addNameRange number 2 { name: 'nan', range: '>=2.3.5 <3.0.0', hasData: true }
341 silly addNameRange versions [ 'nan',
341 silly addNameRange   [ '0.3.0-wip',
341 silly addNameRange     '0.3.0-wip2',
341 silly addNameRange     '0.3.0',
341 silly addNameRange     '0.3.1',
341 silly addNameRange     '0.3.2',
341 silly addNameRange     '0.4.0',
341 silly addNameRange     '0.4.1',
341 silly addNameRange     '0.4.2',
341 silly addNameRange     '0.4.3',
341 silly addNameRange     '0.4.4',
341 silly addNameRange     '0.5.0',
341 silly addNameRange     '0.5.1',
341 silly addNameRange     '0.5.2',
341 silly addNameRange     '0.6.0',
341 silly addNameRange     '0.7.0',
341 silly addNameRange     '0.7.1',
341 silly addNameRange     '0.8.0',
341 silly addNameRange     '1.0.0',
341 silly addNameRange     '1.1.0',
341 silly addNameRange     '1.1.1',
341 silly addNameRange     '1.1.2',
341 silly addNameRange     '1.2.0',
341 silly addNameRange     '1.3.0',
341 silly addNameRange     '1.4.0',
341 silly addNameRange     '1.4.1',
341 silly addNameRange     '1.5.0',
341 silly addNameRange     '1.4.2',
341 silly addNameRange     '1.4.3',
341 silly addNameRange     '1.5.1',
341 silly addNameRange     '1.5.2',
341 silly addNameRange     '1.6.0',
341 silly addNameRange     '1.5.3',
341 silly addNameRange     '1.6.1',
341 silly addNameRange     '1.6.2',
341 silly addNameRange     '1.7.0',
341 silly addNameRange     '1.8.0',
341 silly addNameRange     '1.8.1',
341 silly addNameRange     '1.8.2',
341 silly addNameRange     '1.8.3',
341 silly addNameRange     '1.8.4',
341 silly addNameRange     '1.9.0',
341 silly addNameRange     '2.0.0',
341 silly addNameRange     '2.0.1',
341 silly addNameRange     '2.0.2',
341 silly addNameRange     '2.0.3',
341 silly addNameRange     '2.0.4',
341 silly addNameRange     '2.0.5',
341 silly addNameRange     '2.0.6',
341 silly addNameRange     '2.0.7',
341 silly addNameRange     '2.0.8',
341 silly addNameRange     '2.0.9',
341 silly addNameRange     '2.1.0',
341 silly addNameRange     '2.2.0',
341 silly addNameRange     '2.2.1',
341 silly addNameRange     '2.3.0',
341 silly addNameRange     '2.3.1',
341 silly addNameRange     '2.3.2',
341 silly addNameRange     '2.3.3',
341 silly addNameRange     '2.3.4',
341 silly addNameRange     '2.3.5',
341 silly addNameRange     '2.4.0',
341 silly addNameRange     '2.5.0',
341 silly addNameRange     '2.5.1',
341 silly addNameRange     '2.6.0',
341 silly addNameRange     '2.6.1',
341 silly addNameRange     '2.6.2' ] ]
342 silly addNamed nan@2.6.2
343 verbose addNamed "2.6.2" is a plain semver version for nan
344 silly cache afterAdd nan@2.6.2
345 verbose afterAdd /Users/smurakami/.npm/nan/2.6.2/package/package.json not in flight; writing
346 verbose correctMkdir /Users/smurakami/.npm correctMkdir not in flight; initializing
347 verbose afterAdd /Users/smurakami/.npm/nan/2.6.2/package/package.json written
348 silly install resolved [ { name: 'nan',
348 silly install resolved     version: '2.6.2',
348 silly install resolved     description: 'Native Abstractions for Node.js: C++ header for Node 0.8 -> 7 compatibility',
348 silly install resolved     main: 'include_dirs.js',
348 silly install resolved     repository: { type: 'git', url: 'git://github.com/nodejs/nan.git' },
348 silly install resolved     scripts:
348 silly install resolved      { test: 'tap --gc --stderr test/js/*-test.js',
348 silly install resolved        'rebuild-tests': 'node-gyp rebuild --msvs_version=2013 --directory test',
348 silly install resolved        docs: 'doc/.build.sh' },
348 silly install resolved     contributors:
348 silly install resolved      [ [Object],
348 silly install resolved        [Object],
348 silly install resolved        [Object],
348 silly install resolved        [Object],
348 silly install resolved        [Object],
348 silly install resolved        [Object],
348 silly install resolved        [Object],
348 silly install resolved        [Object] ],
348 silly install resolved     devDependencies:
348 silly install resolved      { bindings: '~1.2.1',
348 silly install resolved        commander: '^2.8.1',
348 silly install resolved        glob: '^5.0.14',
348 silly install resolved        'node-gyp': '~3.0.1',
348 silly install resolved        'readable-stream': '^2.1.4',
348 silly install resolved        tap: '~0.7.1',
348 silly install resolved        xtend: '~4.0.0' },
348 silly install resolved     license: 'MIT',
348 silly install resolved     gitHead: 'f0b2f64c1e5317888f2e12fdefb2f105e7018552',
348 silly install resolved     bugs: { url: 'https://github.com/nodejs/nan/issues' },
348 silly install resolved     homepage: 'https://github.com/nodejs/nan#readme',
348 silly install resolved     _id: 'nan@2.6.2',
348 silly install resolved     _shasum: 'e4ff34e6c95fdfb5aecc08de6596f43605a7db45',
348 silly install resolved     _from: 'nan@>=2.3.5 <3.0.0',
348 silly install resolved     _npmVersion: '4.1.2',
348 silly install resolved     _nodeVersion: '7.5.0',
348 silly install resolved     _npmUser: { name: 'kkoopa', email: 'bbyholm@abo.fi' },
348 silly install resolved     dist:
348 silly install resolved      { shasum: 'e4ff34e6c95fdfb5aecc08de6596f43605a7db45',
348 silly install resolved        tarball: 'https://registry.npmjs.org/nan/-/nan-2.6.2.tgz' },
348 silly install resolved     maintainers: [ [Object], [Object] ],
348 silly install resolved     _npmOperationalInternal:
348 silly install resolved      { host: 'packages-12-west.internal.npmjs.com',
348 silly install resolved        tmp: 'tmp/nan-2.6.2.tgz_1492029516320_0.2352329883724451' },
348 silly install resolved     directories: {},
348 silly install resolved     _resolved: 'https://registry.npmjs.org/nan/-/nan-2.6.2.tgz',
348 silly install resolved     readme: 'ERROR: No README data found!' } ]
349 info install nan@2.6.2 into /Users/smurakami/develop/markov-ai/node/node_modules/iconv
350 info installOne nan@2.6.2
351 verbose installOne of nan to /Users/smurakami/develop/markov-ai/node/node_modules/iconv not in flight; installing
352 verbose correctMkdir /Users/smurakami/.npm/_locks correctMkdir not in flight; initializing
353 verbose lock using /Users/smurakami/.npm/_locks/nan-fbcbc0f33f767c6e.lock for /Users/smurakami/develop/markov-ai/node/node_modules/iconv/node_modules/nan
354 silly install write writing nan 2.6.2 to /Users/smurakami/develop/markov-ai/node/node_modules/iconv/node_modules/nan
355 verbose unbuild node_modules/iconv/node_modules/nan
356 silly gentlyRm /Users/smurakami/develop/markov-ai/node/node_modules/iconv/node_modules/nan is being purged from base /Users/smurakami/develop/markov-ai/node
357 verbose gentlyRm don't care about contents; nuking /Users/smurakami/develop/markov-ai/node/node_modules/iconv/node_modules/nan
358 verbose tar unpack /Users/smurakami/.npm/nan/2.6.2/package.tgz
359 verbose tar unpacking to /Users/smurakami/develop/markov-ai/node/node_modules/iconv/node_modules/nan
360 silly gentlyRm /Users/smurakami/develop/markov-ai/node/node_modules/iconv/node_modules/nan is being purged
361 verbose gentlyRm don't care about contents; nuking /Users/smurakami/develop/markov-ai/node/node_modules/iconv/node_modules/nan
362 silly gunzTarPerm modes [ '755', '644' ]
363 silly gunzTarPerm extractEntry package.json
364 silly gunzTarPerm modified mode [ 'package.json', 436, 420 ]
365 silly gunzTarPerm extractEntry README.md
366 silly gunzTarPerm modified mode [ 'README.md', 436, 420 ]
367 silly gunzTarPerm extractEntry include_dirs.js
368 silly gunzTarPerm modified mode [ 'include_dirs.js', 436, 420 ]
369 silly gunzTarPerm extractEntry nan_converters_43_inl.h
370 silly gunzTarPerm modified mode [ 'nan_converters_43_inl.h', 436, 420 ]
371 silly gunzTarPerm extractEntry LICENSE.md
372 silly gunzTarPerm modified mode [ 'LICENSE.md', 436, 420 ]
373 silly gunzTarPerm extractEntry doc/new.md
374 silly gunzTarPerm modified mode [ 'doc/new.md', 436, 420 ]
375 silly gunzTarPerm extractEntry doc/asyncworker.md
376 silly gunzTarPerm modified mode [ 'doc/asyncworker.md', 436, 420 ]
377 silly gunzTarPerm extractEntry doc/callback.md
378 silly gunzTarPerm modified mode [ 'doc/callback.md', 436, 420 ]
379 silly gunzTarPerm extractEntry doc/converters.md
380 silly gunzTarPerm modified mode [ 'doc/converters.md', 436, 420 ]
381 silly gunzTarPerm extractEntry doc/errors.md
382 silly gunzTarPerm modified mode [ 'doc/errors.md', 436, 420 ]
383 silly gunzTarPerm extractEntry doc/json.md
384 silly gunzTarPerm modified mode [ 'doc/json.md', 436, 420 ]
385 silly gunzTarPerm extractEntry doc/maybe_types.md
386 silly gunzTarPerm modified mode [ 'doc/maybe_types.md', 436, 420 ]
387 silly gunzTarPerm extractEntry doc/methods.md
388 silly gunzTarPerm modified mode [ 'doc/methods.md', 436, 420 ]
389 silly gunzTarPerm extractEntry doc/buffers.md
390 silly gunzTarPerm modified mode [ 'doc/buffers.md', 436, 420 ]
391 silly gunzTarPerm extractEntry doc/node_misc.md
392 silly gunzTarPerm modified mode [ 'doc/node_misc.md', 436, 420 ]
393 silly gunzTarPerm extractEntry doc/object_wrappers.md
394 silly gunzTarPerm modified mode [ 'doc/object_wrappers.md', 436, 420 ]
395 silly gunzTarPerm extractEntry doc/persistent.md
396 silly gunzTarPerm modified mode [ 'doc/persistent.md', 436, 420 ]
397 silly gunzTarPerm extractEntry doc/scopes.md
398 silly gunzTarPerm modified mode [ 'doc/scopes.md', 436, 420 ]
399 silly gunzTarPerm extractEntry doc/script.md
400 silly gunzTarPerm modified mode [ 'doc/script.md', 436, 420 ]
401 silly gunzTarPerm extractEntry doc/string_bytes.md
402 silly gunzTarPerm modified mode [ 'doc/string_bytes.md', 436, 420 ]
403 silly gunzTarPerm extractEntry doc/v8_internals.md
404 silly gunzTarPerm modified mode [ 'doc/v8_internals.md', 436, 420 ]
405 silly gunzTarPerm extractEntry doc/v8_misc.md
406 silly gunzTarPerm modified mode [ 'doc/v8_misc.md', 436, 420 ]
407 silly gunzTarPerm extractEntry nan.h
408 silly gunzTarPerm modified mode [ 'nan.h', 436, 420 ]
409 silly gunzTarPerm extractEntry nan_callbacks.h
410 silly gunzTarPerm modified mode [ 'nan_callbacks.h', 436, 420 ]
411 silly gunzTarPerm extractEntry nan_callbacks_12_inl.h
412 silly gunzTarPerm modified mode [ 'nan_callbacks_12_inl.h', 436, 420 ]
413 silly gunzTarPerm extractEntry nan_callbacks_pre_12_inl.h
414 silly gunzTarPerm modified mode [ 'nan_callbacks_pre_12_inl.h', 436, 420 ]
415 silly gunzTarPerm extractEntry nan_converters.h
416 silly gunzTarPerm modified mode [ 'nan_converters.h', 436, 420 ]
417 silly gunzTarPerm extractEntry nan_converters_pre_43_inl.h
418 silly gunzTarPerm modified mode [ 'nan_converters_pre_43_inl.h', 436, 420 ]
419 silly gunzTarPerm extractEntry nan_implementation_12_inl.h
420 silly gunzTarPerm modified mode [ 'nan_implementation_12_inl.h', 436, 420 ]
421 silly gunzTarPerm extractEntry nan_implementation_pre_12_inl.h
422 silly gunzTarPerm modified mode [ 'nan_implementation_pre_12_inl.h', 436, 420 ]
423 silly gunzTarPerm extractEntry nan_json.h
424 silly gunzTarPerm modified mode [ 'nan_json.h', 436, 420 ]
425 silly gunzTarPerm extractEntry nan_maybe_43_inl.h
426 silly gunzTarPerm modified mode [ 'nan_maybe_43_inl.h', 436, 420 ]
427 silly gunzTarPerm extractEntry nan_maybe_pre_43_inl.h
428 silly gunzTarPerm modified mode [ 'nan_maybe_pre_43_inl.h', 436, 420 ]
429 silly gunzTarPerm extractEntry nan_new.h
430 silly gunzTarPerm modified mode [ 'nan_new.h', 436, 420 ]
431 silly gunzTarPerm extractEntry nan_object_wrap.h
432 silly gunzTarPerm modified mode [ 'nan_object_wrap.h', 436, 420 ]
433 silly gunzTarPerm extractEntry nan_persistent_12_inl.h
434 silly gunzTarPerm modified mode [ 'nan_persistent_12_inl.h', 436, 420 ]
435 silly gunzTarPerm extractEntry nan_persistent_pre_12_inl.h
436 silly gunzTarPerm modified mode [ 'nan_persistent_pre_12_inl.h', 436, 420 ]
437 silly gunzTarPerm extractEntry nan_private.h
438 silly gunzTarPerm modified mode [ 'nan_private.h', 436, 420 ]
439 silly gunzTarPerm extractEntry nan_string_bytes.h
440 silly gunzTarPerm modified mode [ 'nan_string_bytes.h', 436, 420 ]
441 silly gunzTarPerm extractEntry nan_typedarray_contents.h
442 silly gunzTarPerm modified mode [ 'nan_typedarray_contents.h', 436, 420 ]
443 silly gunzTarPerm extractEntry nan_weak.h
444 silly gunzTarPerm modified mode [ 'nan_weak.h', 436, 420 ]
445 silly gunzTarPerm extractEntry CHANGELOG.md
446 silly gunzTarPerm modified mode [ 'CHANGELOG.md', 436, 420 ]
447 silly gunzTarPerm extractEntry tools/package.json
448 silly gunzTarPerm modified mode [ 'tools/package.json', 436, 420 ]
449 silly gunzTarPerm extractEntry tools/README.md
450 silly gunzTarPerm modified mode [ 'tools/README.md', 436, 420 ]
451 silly gunzTarPerm extractEntry tools/1to2.js
452 silly gunzTarPerm modified mode [ 'tools/1to2.js', 509, 493 ]
453 verbose write writing to /Users/smurakami/develop/markov-ai/node/node_modules/iconv/node_modules/nan/package.json
454 info preinstall nan@2.6.2
455 verbose readDependencies loading dependencies from /Users/smurakami/develop/markov-ai/node/node_modules/iconv/node_modules/nan/package.json
456 verbose readDependencies loading dependencies from /Users/smurakami/develop/markov-ai/node/node_modules/iconv/node_modules/nan/package.json
457 silly install resolved []
458 verbose about to build /Users/smurakami/develop/markov-ai/node/node_modules/iconv/node_modules/nan
459 info build /Users/smurakami/develop/markov-ai/node/node_modules/iconv/node_modules/nan
460 info linkStuff nan@2.6.2
461 silly linkStuff nan@2.6.2 has /Users/smurakami/develop/markov-ai/node/node_modules/iconv/node_modules as its parent node_modules
462 verbose linkBins nan@2.6.2
463 verbose linkMans nan@2.6.2
464 verbose rebuildBundles nan@2.6.2
465 info install nan@2.6.2
466 info postinstall nan@2.6.2
467 verbose unlock done using /Users/smurakami/.npm/_locks/nan-fbcbc0f33f767c6e.lock for /Users/smurakami/develop/markov-ai/node/node_modules/iconv/node_modules/nan
468 verbose about to build /Users/smurakami/develop/markov-ai/node/node_modules/iconv
469 info build /Users/smurakami/develop/markov-ai/node/node_modules/iconv
470 info linkStuff iconv@2.2.3
471 silly linkStuff iconv@2.2.3 has /Users/smurakami/develop/markov-ai/node/node_modules as its parent node_modules
472 verbose linkBins iconv@2.2.3
473 verbose linkMans iconv@2.2.3
474 verbose rebuildBundles iconv@2.2.3
475 verbose rebuildBundles [ 'nan' ]
476 info install iconv@2.2.3
477 verbose unsafe-perm in lifecycle true
478 info iconv@2.2.3 Failed to exec install script
479 verbose unlock done using /Users/smurakami/.npm/_locks/iconv-c013276799539baf.lock for /Users/smurakami/develop/markov-ai/node/node_modules/iconv
480 verbose stack Error: iconv@2.2.3 install: `node-gyp rebuild`
480 verbose stack Exit status 1
480 verbose stack     at EventEmitter.<anonymous> (/Users/smurakami/.nodebrew/node/v0.12.18/lib/node_modules/npm/lib/utils/lifecycle.js:217:16)
480 verbose stack     at EventEmitter.emit (events.js:110:17)
480 verbose stack     at ChildProcess.<anonymous> (/Users/smurakami/.nodebrew/node/v0.12.18/lib/node_modules/npm/lib/utils/spawn.js:24:14)
480 verbose stack     at ChildProcess.emit (events.js:110:17)
480 verbose stack     at maybeClose (child_process.js:1019:16)
480 verbose stack     at Process.ChildProcess._handle.onexit (child_process.js:1091:5)
481 verbose pkgid iconv@2.2.3
482 verbose cwd /Users/smurakami/develop/markov-ai/node
483 error Darwin 16.5.0
484 error argv "/Users/smurakami/.nodebrew/current/bin/node" "/Users/smurakami/.nodebrew/current/bin/npm" "isntall" "iconv"
485 error node v0.12.18
486 error npm  v2.15.11
487 error code ELIFECYCLE
488 error iconv@2.2.3 install: `node-gyp rebuild`
488 error Exit status 1
489 error Failed at the iconv@2.2.3 install script 'node-gyp rebuild'.
489 error This is most likely a problem with the iconv package,
489 error not with npm itself.
489 error Tell the author that this fails on your system:
489 error     node-gyp rebuild
489 error You can get information on how to open an issue for this project with:
489 error     npm bugs iconv
489 error Or if that isn't available, you can get their info via:
489 error
489 error     npm owner ls iconv
489 error There is likely additional logging output above.
490 verbose exit [ 1, true ]
491 verbose unbuild node_modules/iconv
492 info preuninstall iconv@2.2.3
493 info uninstall iconv@2.2.3
494 verbose unbuild rmStuff iconv@2.2.3 from /Users/smurakami/develop/markov-ai/node/node_modules
495 info postuninstall iconv@2.2.3
496 silly gentlyRm /Users/smurakami/develop/markov-ai/node/node_modules/iconv is being purged from base /Users/smurakami/develop/markov-ai/node
497 verbose gentlyRm don't care about contents; nuking /Users/smurakami/develop/markov-ai/node/node_modules/iconv
498 silly vacuum-fs purging /Users/smurakami/develop/markov-ai/node/node_modules/iconv
499 silly vacuum-fs quitting because other entries in /Users/smurakami/develop/markov-ai/node/node_modules
